<?xml version="1.0" encoding="UTF-8"?>
<testsuite name="hexlet.code.AppTest" tests="4" skipped="0" failures="0" errors="0" timestamp="2023-06-07T14:21:52" hostname="DESKTOP-3Q5GBII" time="0.301">
  <properties/>
  <testcase name="testMap1()" classname="hexlet.code.AppTest" time="0.286"/>
  <testcase name="testMap2()" classname="hexlet.code.AppTest" time="0.007"/>
  <testcase name="testNumber()" classname="hexlet.code.AppTest" time="0.003"/>
  <testcase name="testString()" classname="hexlet.code.AppTest" time="0.002"/>
  <system-out><![CDATA[]]></system-out>
  <system-err><![CDATA[]]></system-err>
</testsuite>
